<?xml version="1.0" encoding="utf-8"?><testsuites name="pytest tests"><testsuite name="pytest" errors="0" failures="0" skipped="0" tests="16" time="3.881" timestamp="2026-04-25T23:35:42.406028+00:00" hostname="agent-env-664209d9-6e3c-4ef6-8f37-0a095b3360d3"><testcase classname="backend.tests.test_iter4.TestAuthProfileShape" name="test_register_includes_onboarded_and_tooltips_seen" time="0.390" /><testcase classname="backend.tests.test_iter4.TestAuthProfileShape" name="test_get_me_reflects_flags" time="0.050" /><testcase classname="backend.tests.test_iter4.TestAuthProfileShape" name="test_put_me_persists_onboarded_true" time="0.120" /><testcase classname="backend.tests.test_iter4.TestAuthProfileShape" name="test_put_me_persists_tooltips_seen" time="0.101" /><testcase classname="backend.tests.test_iter4.TestForumDelete" name="test_owner_can_delete_thread" time="0.103" /><testcase classname="backend.tests.test_iter4.TestForumDelete" name="test_non_owner_forbidden" time="0.377" /><testcase classname="backend.tests.test_iter4.TestAdminProfile" name="test_profile_returns_full_payload" time="0.329" /><testcase classname="backend.tests.test_iter4.TestAdminProfile" name="test_change_password_appends_history" time="1.655" /><testcase classname="backend.tests.test_iter4.TestVehicles" name="test_create_vehicle_returns_slug" time="0.053" /><testcase classname="backend.tests.test_iter4.TestVehicles" name="test_dedup_slug_with_suffix" time="0.050" /><testcase classname="backend.tests.test_iter4.TestVehicles" name="test_public_by_slug_404_when_private" time="0.140" /><testcase classname="backend.tests.test_iter4.TestVehicles" name="test_visibility_endpoint_owner_only" time="0.102" /><testcase classname="backend.tests.test_iter4.TestVehicles" name="test_public_by_slug_200_when_public" time="0.121" /><testcase classname="backend.tests.test_iter4.TestVehicles" name="test_public_by_slug_owner_view_includes_sensitive" time="0.101" /><testcase classname="backend.tests.test_iter4.TestRetention" name="test_run_all" time="0.052" /><testcase classname="backend.tests.test_iter4.TestRetention" name="test_run_monthly" time="0.047" /></testsuite></testsuites>