<?xml version="1.0" encoding="utf-8"?><testsuites name="pytest tests"><testsuite name="pytest" errors="0" failures="0" skipped="0" tests="4" time="1.006" timestamp="2026-07-04T18:16:21.874133+00:00" hostname="agent-env-664209d9-6e3c-4ef6-8f37-0a095b3360d3"><testcase classname="backend.tests.test_iter38" name="test_create_service_with_service_type" time="0.534" /><testcase classname="backend.tests.test_iter38" name="test_create_service_without_service_type_legacy" time="0.113" /><testcase classname="backend.tests.test_iter38" name="test_list_by_vehicle_returns_both" time="0.110" /><testcase classname="backend.tests.test_iter38" name="test_missing_legacy_type_rejected" time="0.130" /></testsuite></testsuites>