<?xml version="1.0" encoding="utf-8"?><testsuites name="pytest tests"><testsuite name="pytest" errors="0" failures="0" skipped="0" tests="6" time="1.380" timestamp="2026-07-05T11:22:20.681573+00:00" hostname="agent-env-664209d9-6e3c-4ef6-8f37-0a095b3360d3"><testcase classname="backend.tests.test_iter41.TestVehiclesProjection" name="test_create_vehicle_with_big_photos_and_list_is_lean" time="0.877" /><testcase classname="backend.tests.test_iter41.TestVehiclesProjection" name="test_cache_control_header_direct_localhost" time="0.009" /><testcase classname="backend.tests.test_iter41.TestMongoIndexes" name="test_indexes_exist" time="0.007" /><testcase classname="backend.tests.test_iter41.TestRegression" name="test_auth_me_works" time="0.107" /><testcase classname="backend.tests.test_iter41.TestRegression" name="test_vehicles_stats" time="0.097" /><testcase classname="backend.tests.test_iter41.TestRegression" name="test_open_to_offers_listing_endpoint" time="0.147" /></testsuite></testsuites>