<?xml version="1.0" encoding="utf-8"?><testsuites name="pytest tests"><testsuite name="pytest" errors="0" failures="0" skipped="0" tests="9" time="3.393" timestamp="2026-07-12T14:31:11.440526+00:00" hostname="agent-env-664209d9-6e3c-4ef6-8f37-0a095b3360d3"><testcase classname="backend.tests.test_iter49.TestTimeline" name="test_timeline_basic" time="1.131" /><testcase classname="backend.tests.test_iter49.TestTimeline" name="test_timeline_ownership_404" time="0.105" /><testcase classname="backend.tests.test_iter49.TestTimeline" name="test_timeline_filter_source" time="0.469" /><testcase classname="backend.tests.test_iter49.TestTimeline" name="test_timeline_requires_auth" time="0.098" /><testcase classname="backend.tests.test_iter49.TestProject" name="test_get_project_shape" time="0.116" /><testcase classname="backend.tests.test_iter49.TestProject" name="test_project_lifecycle_and_timeline" time="0.661" /><testcase classname="backend.tests.test_iter49.TestProject" name="test_project_budget_patch" time="0.203" /><testcase classname="backend.tests.test_iter49.TestProject" name="test_project_ownership_404" time="0.100" /><testcase classname="backend.tests.test_iter49.TestFuel" name="test_fuel_crud" time="0.418" /></testsuite></testsuites>