<?xml version="1.0" encoding="utf-8"?><testsuites name="pytest tests"><testsuite name="pytest" errors="0" failures="1" skipped="1" tests="11" time="2.616" timestamp="2026-07-18T21:26:23.432617+00:00" hostname="agent-env-664209d9-6e3c-4ef6-8f37-0a095b3360d3"><testcase classname="backend.tests.test_iter50b" name="test_fuel_qr_dark" time="0.890" /><testcase classname="backend.tests.test_iter50b" name="test_fuel_qr_light" time="0.221" /><testcase classname="backend.tests.test_iter50b" name="test_fuel_qr_requires_auth" time="0.169" /><testcase classname="backend.tests.test_iter50b" name="test_fuel_context_short_id" time="0.113" /><testcase classname="backend.tests.test_iter50b" name="test_fuel_context_requires_auth" time="0.136" /><testcase classname="backend.tests.test_iter50b" name="test_fuel_context_wrong_owner_404" time="0.165" /><testcase classname="backend.tests.test_iter50b" name="test_sanitize_marketplace_description" time="0.308" /><testcase classname="backend.tests.test_iter50b" name="test_sanitize_marketplace_title" time="0.107" /><testcase classname="backend.tests.test_iter50b" name="test_sanitize_forum_thread" time="0.105"><failure message="AttributeError: 'str' object has no attribute 'get'">backend/tests/test_iter50b.py:148: in test_sanitize_forum_thread
    cid = cats[0].get("id") or cats[0].get("slug")
          ^^^^^^^^^^^
E   AttributeError: 'str' object has no attribute 'get'</failure></testcase><testcase classname="backend.tests.test_iter50b" name="test_upload_photo_rejects_non_image" time="0.117" /><testcase classname="backend.tests.test_iter50b" name="test_upload_photo_accepts_real_png" time="0.210"><skipped type="pytest.skip" message="R2 not configured in preview">/app/backend/tests/test_iter50b.py:209: R2 not configured in preview</skipped></testcase></testsuite></testsuites>