<?xml version="1.0" encoding="utf-8"?><testsuites name="pytest tests"><testsuite name="pytest" errors="0" failures="0" skipped="0" tests="8" time="2.574" timestamp="2026-07-18T20:55:21.923299+00:00" hostname="agent-env-664209d9-6e3c-4ef6-8f37-0a095b3360d3"><testcase classname="backend.tests.test_iter50" name="test_put_vehicle_empty_strings_return_200" time="0.711" /><testcase classname="backend.tests.test_iter50" name="test_post_vehicle_empty_strings_return_200" time="0.251" /><testcase classname="backend.tests.test_iter50" name="test_post_service_convenience_endpoint" time="0.217" /><testcase classname="backend.tests.test_iter50" name="test_pl_endpoint_shape" time="0.229" /><testcase classname="backend.tests.test_iter50" name="test_swaps_deck_cover_photo_url_only" time="0.116" /><testcase classname="backend.tests.test_iter50" name="test_fuel_stats_shape" time="0.101" /><testcase classname="backend.tests.test_iter50" name="test_fuel_create_and_stats" time="0.680" /><testcase classname="backend.tests.test_iter50" name="test_fuel_delete" time="0.210" /></testsuite></testsuites>