<?xml version="1.0" encoding="utf-8"?><testsuites name="pytest tests"><testsuite name="pytest" errors="0" failures="0" skipped="0" tests="68" time="93.941" timestamp="2026-05-04T21:44:15.389487+00:00" hostname="agent-env-664209d9-6e3c-4ef6-8f37-0a095b3360d3"><testcase classname="backend.tests.test_iter7b.TestServicePhotosR2" name="test_photo_upload_owner_503_or_200" time="9.348" /><testcase classname="backend.tests.test_iter7b.TestServicePhotosR2" name="test_photo_upload_non_owner_forbidden" time="1.561" /><testcase classname="backend.tests.test_iter7b.TestServicePhotosR2" name="test_photo_upload_unauth" time="0.164" /><testcase classname="backend.tests.test_iter7b.TestServicePhotosR2" name="test_photo_upload_unknown_service_404" time="0.349" /><testcase classname="backend.tests.test_iter7b.TestEventPhotosR2" name="test_photo_upload_organizer_503_or_200" time="1.997" /><testcase classname="backend.tests.test_iter7b.TestEventPhotosR2" name="test_photo_upload_non_organizer_forbidden" time="0.395" /><testcase classname="backend.tests.test_iter7b.TestServiceReviews" name="test_get_reviews_paginated_empty" time="0.303" /><testcase classname="backend.tests.test_iter7b.TestServiceReviews" name="test_my_review_empty_when_no_review" time="0.299" /><testcase classname="backend.tests.test_iter7b.TestServiceReviews" name="test_post_review_requires_auth" time="0.082" /><testcase classname="backend.tests.test_iter7b.TestServiceReviews" name="test_post_review_invalid_rating" time="0.197" /><testcase classname="backend.tests.test_iter7b.TestServiceReviews" name="test_first_review_5_recommended_false_count1" time="1.055" /><testcase classname="backend.tests.test_iter7b.TestServiceReviews" name="test_my_review_returns_doc_after_post" time="0.300" /><testcase classname="backend.tests.test_iter7b.TestServiceReviews" name="test_review_upsert_same_user" time="0.757" /><testcase classname="backend.tests.test_iter7b.TestServiceReviews" name="test_second_reviewer_count2" time="1.945" /><testcase classname="backend.tests.test_iter7b.TestServiceReviews" name="test_third_reviewer_triggers_recommended_true" time="3.015" /><testcase classname="backend.tests.test_iter7b.TestServiceReviews" name="test_low_rating_drops_recommended" time="1.894" /><testcase classname="backend.tests.test_iter7b.TestServiceReviews" name="test_list_reviews_returns_items" time="0.296" /><testcase classname="backend.tests.test_iter7b.TestServiceReviews" name="test_delete_review_cross_user_forbidden" time="0.600" /><testcase classname="backend.tests.test_iter7b.TestServiceReviews" name="test_delete_review_own_ok" time="0.941" /><testcase classname="backend.tests.test_iter7b.TestEventComments" name="test_list_comments_empty_paginated" time="0.314" /><testcase classname="backend.tests.test_iter7b.TestEventComments" name="test_post_comment_requires_auth" time="0.097" /><testcase classname="backend.tests.test_iter7b.TestEventComments" name="test_post_comment_min_length" time="1.384" /><testcase classname="backend.tests.test_iter7b.TestEventComments" name="test_post_comment_max_length" time="0.189" /><testcase classname="backend.tests.test_iter7b.TestEventComments" name="test_post_comment_ok" time="0.412" /><testcase classname="backend.tests.test_iter7b.TestEventComments" name="test_list_comments_returns_total_and_user_fields" time="0.303" /><testcase classname="backend.tests.test_iter7b.TestEventComments" name="test_update_own_comment_ok" time="0.706" /><testcase classname="backend.tests.test_iter7b.TestEventComments" name="test_update_other_user_comment_forbidden" time="0.295" /><testcase classname="backend.tests.test_iter7b.TestEventComments" name="test_delete_other_user_comment_forbidden" time="0.309" /><testcase classname="backend.tests.test_iter7b.TestEventComments" name="test_delete_own_comment_ok" time="0.424" /><testcase classname="backend.tests.test_iter7b.TestAISuggestedServices" name="test_ai_ask_returns_suggested_services" time="14.404" /><testcase classname="backend.tests.test_iter7b.TestAISuggestedServices" name="test_ai_ask_no_match_empty_suggestions" time="22.444" /><testcase classname="backend.tests.test_iter7.TestAuthSlugAndPrivacy" name="test_register_creates_slug" time="1.123" /><testcase classname="backend.tests.test_iter7.TestAuthSlugAndPrivacy" name="test_me_returns_privacy_defaults" time="0.181" /><testcase classname="backend.tests.test_iter7.TestAuthSlugAndPrivacy" name="test_me_update_privacy" time="0.987" /><testcase classname="backend.tests.test_iter7.TestPublicProfileAndCard" name="test_public_profile_by_slug" time="2.105" /><testcase classname="backend.tests.test_iter7.TestPublicProfileAndCard" name="test_garage_card_endpoint" time="0.527" /><testcase classname="backend.tests.test_iter7.TestPublicProfileAndCard" name="test_profile_privacy_hide_listings_forum" time="2.598" /><testcase classname="backend.tests.test_iter7.TestPublicProfileAndCard" name="test_profile_private_hides_from_others" time="2.178" /><testcase classname="backend.tests.test_iter7.TestPublicProfileAndCard" name="test_profile_404_on_unknown_slug" time="0.291" /><testcase classname="backend.tests.test_iter7.TestVehicleOdometer" name="test_create_vehicle_has_odometer_fields" time="0.960" /><testcase classname="backend.tests.test_iter7.TestVehicleOdometer" name="test_vehicle_stats_km_driven" time="0.293" /><testcase classname="backend.tests.test_iter7.TestVehicleOdometer" name="test_mark_sold_with_mileage_at_sale" time="1.152" /><testcase classname="backend.tests.test_iter7.TestVehicleOdometer" name="test_stats_uses_mileage_at_sale_after_archive" time="0.288" /><testcase classname="backend.tests.test_iter7.TestVehicleOdometer" name="test_analytics_me_total_km" time="0.405" /><testcase classname="backend.tests.test_iter7.TestServicesCRUD" name="test_create_service" time="0.404" /><testcase classname="backend.tests.test_iter7.TestServicesCRUD" name="test_get_service_by_slug" time="0.182" /><testcase classname="backend.tests.test_iter7.TestServicesCRUD" name="test_create_requires_auth" time="0.068" /><testcase classname="backend.tests.test_iter7.TestServicesCRUD" name="test_list_services_basic" time="0.178" /><testcase classname="backend.tests.test_iter7.TestServicesCRUD" name="test_list_services_q_filter" time="0.176" /><testcase classname="backend.tests.test_iter7.TestServicesCRUD" name="test_list_services_brand_filter" time="0.202" /><testcase classname="backend.tests.test_iter7.TestServicesCRUD" name="test_list_services_city_filter" time="0.180" /><testcase classname="backend.tests.test_iter7.TestServicesCRUD" name="test_list_services_haversine" time="0.185" /><testcase classname="backend.tests.test_iter7.TestServicesCRUD" name="test_update_service" time="0.523" /><testcase classname="backend.tests.test_iter7.TestServicesCRUD" name="test_update_service_forbidden_for_other" time="0.288" /><testcase classname="backend.tests.test_iter7.TestServicesCRUD" name="test_delete_service_cleanup" time="0.798" /><testcase classname="backend.tests.test_iter7.TestEventsCRUD" name="test_create_event" time="0.411" /><testcase classname="backend.tests.test_iter7.TestEventsCRUD" name="test_get_event" time="0.287" /><testcase classname="backend.tests.test_iter7.TestEventsCRUD" name="test_list_events_upcoming" time="0.176" /><testcase classname="backend.tests.test_iter7.TestEventsCRUD" name="test_join_event" time="0.807" /><testcase classname="backend.tests.test_iter7.TestEventsCRUD" name="test_join_enforces_max" time="1.549" /><testcase classname="backend.tests.test_iter7.TestEventsCRUD" name="test_leave_event" time="0.799" /><testcase classname="backend.tests.test_iter7.TestEventsCRUD" name="test_delete_event" time="0.689" /><testcase classname="backend.tests.test_iter7.TestGlobalSearch" name="test_unauthenticated_search" time="2.332" /><testcase classname="backend.tests.test_iter7.TestGlobalSearch" name="test_search_with_query" time="0.765" /><testcase classname="backend.tests.test_iter7.TestGlobalSearch" name="test_search_category_filter" time="0.180" /><testcase classname="backend.tests.test_iter7.TestGlobalSearch" name="test_search_geo" time="1.124" /><testcase classname="backend.tests.test_iter7.TestAdminRegression" name="test_admin_login" time="0.632" /><testcase classname="backend.tests.test_iter7.TestAdminRegression" name="test_test_email_returns_json" time="0.980" /></testsuite></testsuites>