<?xml version="1.0" encoding="utf-8"?><testsuites name="pytest tests"><testsuite name="pytest" errors="0" failures="0" skipped="0" tests="5" time="2.989" timestamp="2026-07-05T17:22:51.233629+00:00" hostname="agent-env-664209d9-6e3c-4ef6-8f37-0a095b3360d3"><testcase classname="backend.tests.test_iter46.TestSwapsCoverPhoto" name="test_deck_no_base64" time="0.570" /><testcase classname="backend.tests.test_iter46.TestSwapsCoverPhoto" name="test_my_listings_no_base64" time="1.177" /><testcase classname="backend.tests.test_iter46.TestSwapsCoverPhoto" name="test_matches_no_base64" time="0.143" /><testcase classname="backend.tests.test_iter46.TestPhotoUploadGuard" name="test_small_photo_accepted" time="0.812" /><testcase classname="backend.tests.test_iter46.TestPhotoUploadGuard" name="test_large_photo_rejected" time="0.223" /></testsuite></testsuites>