<?xml version="1.0" encoding="utf-8"?><testsuites name="pytest tests"><testsuite name="pytest" errors="0" failures="0" skipped="0" tests="14" time="4.001" timestamp="2026-04-26T00:37:56.057286+00:00" hostname="agent-env-664209d9-6e3c-4ef6-8f37-0a095b3360d3"><testcase classname="backend.tests.test_iter5.TestActiveListingAttachment" name="test_list_vehicles_no_listing" time="0.851" /><testcase classname="backend.tests.test_iter5.TestActiveListingAttachment" name="test_get_vehicle_includes_active_listing_field" time="0.177" /><testcase classname="backend.tests.test_iter5.TestActiveListingAttachment" name="test_list_vehicles_with_active_listing" time="0.394" /><testcase classname="backend.tests.test_iter5.TestShareEndpoint" name="test_share_facebook" time="0.152" /><testcase classname="backend.tests.test_iter5.TestShareEndpoint" name="test_share_twitter" time="0.118" /><testcase classname="backend.tests.test_iter5.TestShareEndpoint" name="test_share_whatsapp" time="0.105" /><testcase classname="backend.tests.test_iter5.TestShareEndpoint" name="test_share_copy" time="0.210" /><testcase classname="backend.tests.test_iter5.TestShareEndpoint" name="test_share_invalid_platform" time="0.162" /><testcase classname="backend.tests.test_iter5.TestShareEndpoint" name="test_share_anonymous_allowed" time="0.115" /><testcase classname="backend.tests.test_iter5.TestMarkSold" name="test_mark_sold_owner_with_listing" time="0.622" /><testcase classname="backend.tests.test_iter5.TestMarkSold" name="test_mark_sold_not_owner" time="0.452" /><testcase classname="backend.tests.test_iter5.TestMarkSold" name="test_mark_sold_unauth" time="0.126" /><testcase classname="backend.tests.test_iter5.TestMarkSold" name="test_mark_sold_default_date" time="0.231" /><testcase classname="backend.tests.test_iter5.TestPLLoss" name="test_loss_net_result" time="0.224" /></testsuite></testsuites>