<?xml version="1.0" encoding="utf-8"?><testsuites name="pytest tests"><testsuite name="pytest" errors="4" failures="0" skipped="0" tests="20" time="18.633" timestamp="2026-05-03T23:03:59.092312+00:00" hostname="agent-env-664209d9-6e3c-4ef6-8f37-0a095b3360d3"><testcase classname="tests.test_iter6.TestPasswordReset" name="test_request_unknown_email_returns_200" time="4.372" /><testcase classname="tests.test_iter6.TestPasswordReset" name="test_request_existing_email_returns_200" time="1.331" /><testcase classname="tests.test_iter6.TestPasswordReset" name="test_confirm_with_invalid_token" time="0.048" /><testcase classname="tests.test_iter6.TestPasswordReset" name="test_confirm_full_flow_changes_password" time="0.047" /><testcase classname="tests.test_iter6.TestAdminTestEmail" name="test_returns_json_shape" time="1.470" /><testcase classname="tests.test_iter6.TestAdminTestEmail" name="test_requires_admin_auth" time="0.047" /><testcase classname="tests.test_iter6.TestMarketplaceMessages" name="test_send_message" time="1.668"><error message="failed on setup with &quot;AssertionError: {&quot;detail&quot;:[{&quot;type&quot;:&quot;missing&quot;,&quot;loc&quot;:[&quot;body&quot;,&quot;type&quot;],&quot;msg&quot;:&quot;Field required&quot;,&quot;input&quot;:{&quot;vehicle_id&quot;:&quot;aecec236-fbdb-42f9-a98d-4b8383eae294&quot;,&quot;title&quot;:&quot;TEST_BMW M3&quot;,&quot;price&quot;:220000.0,&quot;make&quot;:&quot;BMW&quot;,&quot;model&quot;:&quot;M3&quot;,&quot;year&quot;:2019,&quot;description&quot;:&quot;Test listing iter6&quot;},&quot;url&quot;:&quot;https://errors.pydantic.dev/2.12/v/missing&quot;}]}&#10;assert 422 in (200, 201)&#10; +  where 422 = &lt;Response [422]&gt;.status_code&quot;">tests/test_iter6.py:134: in listing
    assert l.status_code in (200, 201), l.text
E   AssertionError: {"detail":[{"type":"missing","loc":["body","type"],"msg":"Field required","input":{"vehicle_id":"aecec236-fbdb-42f9-a98d-4b8383eae294","title":"TEST_BMW M3","price":220000.0,"make":"BMW","model":"M3","year":2019,"description":"Test listing iter6"},"url":"https://errors.pydantic.dev/2.12/v/missing"}]}
E   assert 422 in (200, 201)
E    +  where 422 = &lt;Response [422]&gt;.status_code</error></testcase><testcase classname="tests.test_iter6.TestMarketplaceMessages" name="test_threads_aggregate_with_unread" time="0.000"><error message="failed on setup with &quot;AssertionError: {&quot;detail&quot;:[{&quot;type&quot;:&quot;missing&quot;,&quot;loc&quot;:[&quot;body&quot;,&quot;type&quot;],&quot;msg&quot;:&quot;Field required&quot;,&quot;input&quot;:{&quot;vehicle_id&quot;:&quot;aecec236-fbdb-42f9-a98d-4b8383eae294&quot;,&quot;title&quot;:&quot;TEST_BMW M3&quot;,&quot;price&quot;:220000.0,&quot;make&quot;:&quot;BMW&quot;,&quot;model&quot;:&quot;M3&quot;,&quot;year&quot;:2019,&quot;description&quot;:&quot;Test listing iter6&quot;},&quot;url&quot;:&quot;https://errors.pydantic.dev/2.12/v/missing&quot;}]}&#10;assert 422 in (200, 201)&#10; +  where 422 = &lt;Response [422]&gt;.status_code&quot;">tests/test_iter6.py:134: in listing
    assert l.status_code in (200, 201), l.text
E   AssertionError: {"detail":[{"type":"missing","loc":["body","type"],"msg":"Field required","input":{"vehicle_id":"aecec236-fbdb-42f9-a98d-4b8383eae294","title":"TEST_BMW M3","price":220000.0,"make":"BMW","model":"M3","year":2019,"description":"Test listing iter6"},"url":"https://errors.pydantic.dev/2.12/v/missing"}]}
E   assert 422 in (200, 201)
E    +  where 422 = &lt;Response [422]&gt;.status_code</error></testcase><testcase classname="tests.test_iter6.TestMarketplaceMessages" name="test_message_history_marks_read" time="0.000"><error message="failed on setup with &quot;AssertionError: {&quot;detail&quot;:[{&quot;type&quot;:&quot;missing&quot;,&quot;loc&quot;:[&quot;body&quot;,&quot;type&quot;],&quot;msg&quot;:&quot;Field required&quot;,&quot;input&quot;:{&quot;vehicle_id&quot;:&quot;aecec236-fbdb-42f9-a98d-4b8383eae294&quot;,&quot;title&quot;:&quot;TEST_BMW M3&quot;,&quot;price&quot;:220000.0,&quot;make&quot;:&quot;BMW&quot;,&quot;model&quot;:&quot;M3&quot;,&quot;year&quot;:2019,&quot;description&quot;:&quot;Test listing iter6&quot;},&quot;url&quot;:&quot;https://errors.pydantic.dev/2.12/v/missing&quot;}]}&#10;assert 422 in (200, 201)&#10; +  where 422 = &lt;Response [422]&gt;.status_code&quot;">tests/test_iter6.py:134: in listing
    assert l.status_code in (200, 201), l.text
E   AssertionError: {"detail":[{"type":"missing","loc":["body","type"],"msg":"Field required","input":{"vehicle_id":"aecec236-fbdb-42f9-a98d-4b8383eae294","title":"TEST_BMW M3","price":220000.0,"make":"BMW","model":"M3","year":2019,"description":"Test listing iter6"},"url":"https://errors.pydantic.dev/2.12/v/missing"}]}
E   assert 422 in (200, 201)
E    +  where 422 = &lt;Response [422]&gt;.status_code</error></testcase><testcase classname="tests.test_iter6.TestMarketplaceMessages" name="test_cannot_message_self" time="0.000"><error message="failed on setup with &quot;AssertionError: {&quot;detail&quot;:[{&quot;type&quot;:&quot;missing&quot;,&quot;loc&quot;:[&quot;body&quot;,&quot;type&quot;],&quot;msg&quot;:&quot;Field required&quot;,&quot;input&quot;:{&quot;vehicle_id&quot;:&quot;aecec236-fbdb-42f9-a98d-4b8383eae294&quot;,&quot;title&quot;:&quot;TEST_BMW M3&quot;,&quot;price&quot;:220000.0,&quot;make&quot;:&quot;BMW&quot;,&quot;model&quot;:&quot;M3&quot;,&quot;year&quot;:2019,&quot;description&quot;:&quot;Test listing iter6&quot;},&quot;url&quot;:&quot;https://errors.pydantic.dev/2.12/v/missing&quot;}]}&#10;assert 422 in (200, 201)&#10; +  where 422 = &lt;Response [422]&gt;.status_code&quot;">tests/test_iter6.py:134: in listing
    assert l.status_code in (200, 201), l.text
E   AssertionError: {"detail":[{"type":"missing","loc":["body","type"],"msg":"Field required","input":{"vehicle_id":"aecec236-fbdb-42f9-a98d-4b8383eae294","title":"TEST_BMW M3","price":220000.0,"make":"BMW","model":"M3","year":2019,"description":"Test listing iter6"},"url":"https://errors.pydantic.dev/2.12/v/missing"}]}
E   assert 422 in (200, 201)
E    +  where 422 = &lt;Response [422]&gt;.status_code</error></testcase><testcase classname="tests.test_iter6.TestKmDrivenFormula" name="test_stats_total_and_per_vehicle" time="2.632" /><testcase classname="tests.test_iter6.TestKmDrivenFormula" name="test_analytics_me_total_km" time="0.596" /><testcase classname="tests.test_iter6.TestKmDrivenFormula" name="test_mark_sold_persists_mileage_at_sale" time="0.372" /><testcase classname="tests.test_iter6.TestPhotoLimit" name="test_app_settings_max_photos_is_6" time="0.154" /><testcase classname="tests.test_iter6.TestForumFilters" name="test_filter_by_make_and_model" time="0.858" /><testcase classname="tests.test_iter6.TestForumFilters" name="test_filter_excludes_other_make" time="0.261" /><testcase classname="tests.test_iter6.TestVehicleSearch" name="test_search_by_make" time="1.069" /><testcase classname="tests.test_iter6.TestVehicleSearch" name="test_search_year_range" time="0.274" /><testcase classname="tests.test_iter6.TestVehicleSearch" name="test_search_excludes_when_searchable_false" time="1.612" /><testcase classname="tests.test_iter6.TestVehicleSearch" name="test_search_excludes_when_profile_not_visible" time="1.618" /></testsuite></testsuites>