<?xml version="1.0" encoding="utf-8"?><testsuites name="pytest tests"><testsuite name="pytest" errors="0" failures="0" skipped="0" tests="15" time="2.616" timestamp="2026-07-05T12:55:55.279206+00:00" hostname="agent-env-664209d9-6e3c-4ef6-8f37-0a095b3360d3"><testcase classname="tests.test_iter43" name="test_p0_vehicles_no_base64_leak_from_db" time="0.428" /><testcase classname="tests.test_iter43" name="test_p0_vehicles_url_cover" time="0.105" /><testcase classname="tests.test_iter43" name="test_p0_vehicles_mixed_photos" time="0.104" /><testcase classname="tests.test_iter43" name="test_p0_authme_base64_avatar_stripped" time="0.054" /><testcase classname="tests.test_iter43" name="test_p0_authme_url_avatar" time="0.047" /><testcase classname="tests.test_iter43" name="test_avatar_endpoint_stream_base64" time="0.098" /><testcase classname="tests.test_iter43" name="test_avatar_endpoint_redirect_url" time="0.136" /><testcase classname="tests.test_iter43" name="test_avatar_endpoint_404" time="0.102" /><testcase classname="tests.test_iter43" name="test_avatar_endpoint_unknown_user_404" time="0.134" /><testcase classname="tests.test_iter43" name="test_p0_marketplace_no_base64_leak" time="0.205" /><testcase classname="tests.test_iter43" name="test_migrate_requires_admin" time="0.098" /><testcase classname="tests.test_iter43" name="test_migrate_response_shape" time="0.437" /><testcase classname="tests.test_iter43" name="test_migrate_idempotent_already_migrated" time="0.276" /><testcase classname="tests.test_iter43" name="test_regression_iter42_photo_too_large" time="0.135" /><testcase classname="tests.test_iter43" name="test_single_vehicle_still_has_photos" time="0.108" /></testsuite></testsuites>