<?xml version="1.0" encoding="utf-8"?><testsuites name="pytest tests"><testsuite name="pytest" errors="0" failures="0" skipped="2" tests="16" time="4.921" timestamp="2026-07-24T08:45:20.324748+00:00" hostname="agent-env-664209d9-6e3c-4ef6-8f37-0a095b3360d3"><testcase classname="backend.tests.test_iter53.TestWaitlist" name="test_first_submit" time="0.134" /><testcase classname="backend.tests.test_iter53.TestWaitlist" name="test_duplicate_case_insensitive" time="0.240" /><testcase classname="backend.tests.test_iter53.TestBusiness" name="test_register_workshop" time="0.111" /><testcase classname="backend.tests.test_iter53.TestBusiness" name="test_register_invalid_type" time="0.097" /><testcase classname="backend.tests.test_iter53.TestBusiness" name="test_duplicate_slug_suffix" time="0.235" /><testcase classname="backend.tests.test_iter53.TestBusiness" name="test_get_public_business" time="0.101" /><testcase classname="backend.tests.test_iter53.TestBusiness" name="test_activate_idempotent" time="0.202" /><testcase classname="backend.tests.test_iter53.TestStripe" name="test_checkout_premium_monthly" time="1.713" /><testcase classname="backend.tests.test_iter53.TestStripe" name="test_checkout_unknown_lookup_key" time="0.205" /><testcase classname="backend.tests.test_iter53.TestStripe" name="test_checkout_b2b_missing_business_id" time="0.191" /><testcase classname="backend.tests.test_iter53.TestPhotoLimit" name="test_fill_to_limit_then_402" time="0.416"><skipped type="pytest.skip" message="R2 storage not configured; skipping limit fill test.">/app/backend/tests/test_iter53.py:166: R2 storage not configured; skipping limit fill test.</skipped></testcase><testcase classname="backend.tests.test_iter53.TestPhotoLimit" name="test_batch_over_limit_returns_402_with_allowed" time="0.203"><skipped type="pytest.skip" message="R2 storage not configured">/app/backend/tests/test_iter53.py:199: R2 storage not configured</skipped></testcase><testcase classname="backend.tests.test_iter53.TestAdmin" name="test_list_businesses" time="0.469" /><testcase classname="backend.tests.test_iter53.TestAdmin" name="test_list_businesses_pending_filter" time="0.113" /><testcase classname="backend.tests.test_iter53.TestAdmin" name="test_admin_activate_and_verify" time="0.299" /><testcase classname="backend.tests.test_iter53.TestAdmin" name="test_list_waitlist" time="0.102" /></testsuite></testsuites>