<?xml version="1.0" encoding="utf-8"?><testsuites name="pytest tests"><testsuite name="pytest" errors="0" failures="0" skipped="2" tests="17" time="5.190" timestamp="2026-07-24T10:43:40.398813+00:00" hostname="agent-env-664209d9-6e3c-4ef6-8f37-0a095b3360d3"><testcase classname="backend.tests.test_iter54b.TestBusinessPublic" name="test_list_returns_activated_businesses" time="0.316" /><testcase classname="backend.tests.test_iter54b.TestBusinessPublic" name="test_list_filter_by_city_and_type" time="0.108" /><testcase classname="backend.tests.test_iter54b.TestBusinessPublic" name="test_list_pagination_limit" time="0.145" /><testcase classname="backend.tests.test_iter54b.TestBusinessPublic" name="test_vehicle_hub_301_public_projection" time="0.140"><skipped type="pytest.skip" message="vehicle-hub-301 slug not present in this env">/app/backend/tests/test_iter54b.py:128: vehicle-hub-301 slug not present in this env</skipped></testcase><testcase classname="backend.tests.test_iter54b.TestBusinessPublic" name="test_vehicle_hub_301_history_sanitized" time="0.100"><skipped type="pytest.skip" message="vehicle-hub-301 slug not present in this env">/app/backend/tests/test_iter54b.py:141: vehicle-hub-301 slug not present in this env</skipped></testcase><testcase classname="backend.tests.test_iter54b.TestVehicleShortScan" name="test_short_lookup_anonymous" time="0.707" /><testcase classname="backend.tests.test_iter54b.TestVehicleShortScan" name="test_short_lookup_owner_no_workshop_action" time="0.101" /><testcase classname="backend.tests.test_iter54b.TestVehicleShortScan" name="test_workshop_scan_activates_and_requests" time="0.681" /><testcase classname="backend.tests.test_iter54b.TestVehicleShortScan" name="test_workshop_access_list_shows_request" time="0.109" /><testcase classname="backend.tests.test_iter54b.TestAccessRespond" name="test_non_owner_cannot_respond_403" time="0.634" /><testcase classname="backend.tests.test_iter54b.TestAccessRespond" name="test_owner_can_approve_then_workshop_can_add_entry" time="0.631" /><testcase classname="backend.tests.test_iter54b.TestMarketplacePartsAndService" name="test_create_parts_listing_with_nested_part" time="0.138" /><testcase classname="backend.tests.test_iter54b.TestMarketplacePartsAndService" name="test_create_service_listing" time="0.104" /><testcase classname="backend.tests.test_iter54b.TestPartAlerts" name="test_alert_crud" time="0.421" /><testcase classname="backend.tests.test_iter54b.TestAdminBusinesses" name="test_admin_list_businesses" time="0.437" /><testcase classname="backend.tests.test_iter54b.TestAdminBusinesses" name="test_admin_activate_and_verify" time="0.202" /><testcase classname="backend.tests.test_iter54b.TestAdminBusinesses" name="test_admin_waitlist" time="0.113" /></testsuite></testsuites>