<?xml version="1.0" encoding="utf-8"?><testsuites name="pytest tests"><testsuite name="pytest" errors="0" failures="0" skipped="0" tests="11" time="2.577" timestamp="2026-07-05T02:51:17.715131+00:00" hostname="agent-env-664209d9-6e3c-4ef6-8f37-0a095b3360d3"><testcase classname="backend.tests.test_iter40.TestEmptyDemo" name="test_demo_response_zero_vehicles" time="0.280" /><testcase classname="backend.tests.test_iter40.TestEmptyDemo" name="test_vehicles_list_empty" time="0.110" /><testcase classname="backend.tests.test_iter40.TestRefresh" name="test_refresh_with_valid_token" time="0.208" /><testcase classname="backend.tests.test_iter40.TestRefresh" name="test_refresh_missing_auth" time="0.098" /><testcase classname="backend.tests.test_iter40.TestRefresh" name="test_refresh_malformed_token" time="0.115" /><testcase classname="backend.tests.test_iter40.TestAvatar" name="test_avatar_upload_success" time="0.206" /><testcase classname="backend.tests.test_iter40.TestAvatar" name="test_avatar_empty_400" time="0.106" /><testcase classname="backend.tests.test_iter40.TestAvatar" name="test_avatar_non_image_400" time="0.149" /><testcase classname="backend.tests.test_iter40.TestAvatar" name="test_avatar_too_large_413" time="0.508" /><testcase classname="backend.tests.test_iter40.TestPhotoNormalization" name="test_create_vehicle_with_object_photos" time="0.105" /><testcase classname="backend.tests.test_iter40.TestRegressionIter39" name="test_service_stats_and_open_to_offers" time="0.631" /></testsuite></testsuites>