<?xml version="1.0" encoding="utf-8"?><testsuites name="pytest tests"><testsuite name="pytest" errors="0" failures="1" skipped="0" tests="18" time="3.594" timestamp="2026-04-25T21:15:23.826291+00:00" hostname="agent-env-664209d9-6e3c-4ef6-8f37-0a095b3360d3"><testcase classname="backend.tests.test_iter2" name="test_register_welcome_email_does_not_block" time="0.547" /><testcase classname="backend.tests.test_iter2" name="test_password_reset_request_known_email" time="0.322" /><testcase classname="backend.tests.test_iter2" name="test_password_reset_request_unknown_email_still_200" time="0.046" /><testcase classname="backend.tests.test_iter2" name="test_password_reset_confirm_invalid_token" time="0.058" /><testcase classname="backend.tests.test_iter2" name="test_password_reset_confirm_wrong_token_type" time="0.044" /><testcase classname="backend.tests.test_iter2" name="test_password_reset_full_flow" time="0.491"><failure message="AssertionError: {&quot;detail&quot;:&quot;Invalid token&quot;}&#10;assert 401 == 200&#10; +  where 401 = &lt;Response [401]&gt;.status_code">backend/tests/test_iter2.py:151: in test_password_reset_full_flow
    assert cf.status_code == 200, cf.text
E   AssertionError: {"detail":"Invalid token"}
E   assert 401 == 200
E    +  where 401 = &lt;Response [401]&gt;.status_code</failure></testcase><testcase classname="backend.tests.test_iter2" name="test_admin_test_email_requires_admin" time="0.048" /><testcase classname="backend.tests.test_iter2" name="test_admin_test_email_no_smtp_returns_502" time="0.370" /><testcase classname="backend.tests.test_iter2" name="test_dashboard_requires_auth" time="0.047" /><testcase classname="backend.tests.test_iter2" name="test_dashboard_shape" time="0.100" /><testcase classname="backend.tests.test_iter2" name="test_dashboard_reminders_have_vehicle_label_and_days_until" time="0.107" /><testcase classname="backend.tests.test_iter2" name="test_activity_log_after_vehicle_create" time="0.101" /><testcase classname="backend.tests.test_iter2" name="test_activity_log_after_service_add" time="0.113" /><testcase classname="backend.tests.test_iter2" name="test_activity_log_after_listing_create" time="0.107" /><testcase classname="backend.tests.test_iter2" name="test_activity_log_after_thread_and_comment" time="0.480" /><testcase classname="backend.tests.test_iter2" name="test_dashboard_featured_listings_sorted" time="0.049" /><testcase classname="backend.tests.test_iter2" name="test_marketplace_message_to_other_still_works" time="0.145" /><testcase classname="backend.tests.test_iter2" name="test_marketplace_self_message_blocked" time="0.156" /></testsuite></testsuites>