<?xml version="1.0" encoding="utf-8"?><testsuites name="pytest tests"><testsuite name="pytest" errors="0" failures="1" skipped="0" tests="8" time="3.941" timestamp="2026-07-05T00:50:48.254874+00:00" hostname="agent-env-664209d9-6e3c-4ef6-8f37-0a095b3360d3"><testcase classname="backend.tests.test_iter39.TestServiceStats" name="test_stats_returns_monthly_12m_and_reminders" time="0.628" /><testcase classname="backend.tests.test_iter39.TestOpenToOffers" name="test_patch_toggle_and_403_for_non_owner" time="0.570" /><testcase classname="backend.tests.test_iter39.TestOpenToOffers" name="test_public_list_endpoint_reachable" time="0.101" /><testcase classname="backend.tests.test_iter39.TestOpenToOffers" name="test_public_list_excludes_demo_vehicles" time="0.352" /><testcase classname="backend.tests.test_iter39.TestSwaps" name="test_create_listing_and_deactivate_prev" time="0.430" /><testcase classname="backend.tests.test_iter39.TestSwaps" name="test_deck_excludes_own_and_reacted" time="0.745" /><testcase classname="backend.tests.test_iter39.TestSwaps" name="test_mutual_interest_creates_match" time="0.741"><failure message="assert False&#10; +  where False = any(&lt;generator object TestSwaps.test_mutual_interest_creates_match.&lt;locals&gt;.&lt;genexpr&gt; at 0xfe450a5e3e60&gt;)">backend/tests/test_iter39.py:300: in test_mutual_interest_creates_match
    assert any(m["other_vehicle"]["id"] == vb["id"] for m in matches)
E   assert False
E    +  where False = any(&lt;generator object TestSwaps.test_mutual_interest_creates_match.&lt;locals&gt;.&lt;genexpr&gt; at 0xfe450a5e3e60&gt;)</failure></testcase><testcase classname="backend.tests.test_iter39.TestRegression" name="test_service_stats_backward_compat" time="0.222" /></testsuite></testsuites>