<?xml version="1.0" encoding="utf-8"?><testsuites name="pytest tests"><testsuite name="pytest" errors="0" failures="0" skipped="0" tests="17" time="3.979" timestamp="2026-06-07T16:18:34.806858+00:00" hostname="agent-env-664209d9-6e3c-4ef6-8f37-0a095b3360d3"><testcase classname="backend.tests.test_iter10_blog_views.TestBlogPublic" name="test_list_published" time="0.258" /><testcase classname="backend.tests.test_iter10_blog_views.TestBlogPublic" name="test_sitemap" time="0.108" /><testcase classname="backend.tests.test_iter10_blog_views.TestBlogPublic" name="test_get_published_by_slug" time="0.112" /><testcase classname="backend.tests.test_iter10_blog_views.TestBlogPublic" name="test_get_nonexistent_returns_404" time="0.106" /><testcase classname="backend.tests.test_iter10_blog_views.TestBlogAdminAuth" name="test_admin_list_unauth" time="0.109" /><testcase classname="backend.tests.test_iter10_blog_views.TestBlogAdminAuth" name="test_admin_create_unauth" time="0.113" /><testcase classname="backend.tests.test_iter10_blog_views.TestBlogAdminCRUD" name="test_create" time="0.533" /><testcase classname="backend.tests.test_iter10_blog_views.TestBlogAdminCRUD" name="test_admin_list_includes_drafts" time="0.337" /><testcase classname="backend.tests.test_iter10_blog_views.TestBlogAdminCRUD" name="test_update" time="0.107" /><testcase classname="backend.tests.test_iter10_blog_views.TestBlogAdminCRUD" name="test_publish_toggle" time="0.382" /><testcase classname="backend.tests.test_iter10_blog_views.TestBlogAdminCRUD" name="test_slug_dedupe" time="0.254" /><testcase classname="backend.tests.test_iter10_blog_views.TestBlogAdminCRUD" name="test_delete" time="0.215" /><testcase classname="backend.tests.test_iter10_blog_views.TestVehicleViews" name="test_view_increments_then_dedupes" time="0.467" /><testcase classname="backend.tests.test_iter10_blog_views.TestVehicleViews" name="test_view_404_for_missing" time="0.110" /><testcase classname="backend.tests.test_iter10_blog_views.TestVehicleShare" name="test_share_increments" time="0.376" /><testcase classname="backend.tests.test_iter10_blog_views.TestVehicleShare" name="test_share_404_for_missing" time="0.113" /><testcase classname="backend.tests.test_iter10_blog_views.TestVehiclePublicByslug" name="test_includes_counters" time="0.113" /></testsuite></testsuites>