<?xml version="1.0" encoding="utf-8"?><testsuites name="pytest tests"><testsuite name="pytest" errors="0" failures="0" skipped="0" tests="37" time="25.165" timestamp="2026-05-04T01:00:50.209749+00:00" hostname="agent-env-664209d9-6e3c-4ef6-8f37-0a095b3360d3"><testcase classname="backend.tests.test_iter7.TestAuthSlugAndPrivacy" name="test_register_creates_slug" time="0.978" /><testcase classname="backend.tests.test_iter7.TestAuthSlugAndPrivacy" name="test_me_returns_privacy_defaults" time="0.162" /><testcase classname="backend.tests.test_iter7.TestAuthSlugAndPrivacy" name="test_me_update_privacy" time="0.932" /><testcase classname="backend.tests.test_iter7.TestPublicProfileAndCard" name="test_public_profile_by_slug" time="1.909" /><testcase classname="backend.tests.test_iter7.TestPublicProfileAndCard" name="test_garage_card_endpoint" time="0.488" /><testcase classname="backend.tests.test_iter7.TestPublicProfileAndCard" name="test_profile_privacy_hide_listings_forum" time="2.588" /><testcase classname="backend.tests.test_iter7.TestPublicProfileAndCard" name="test_profile_private_hides_from_others" time="2.141" /><testcase classname="backend.tests.test_iter7.TestPublicProfileAndCard" name="test_profile_404_on_unknown_slug" time="0.270" /><testcase classname="backend.tests.test_iter7.TestVehicleOdometer" name="test_create_vehicle_has_odometer_fields" time="0.827" /><testcase classname="backend.tests.test_iter7.TestVehicleOdometer" name="test_vehicle_stats_km_driven" time="0.272" /><testcase classname="backend.tests.test_iter7.TestVehicleOdometer" name="test_mark_sold_with_mileage_at_sale" time="1.106" /><testcase classname="backend.tests.test_iter7.TestVehicleOdometer" name="test_stats_uses_mileage_at_sale_after_archive" time="0.278" /><testcase classname="backend.tests.test_iter7.TestVehicleOdometer" name="test_analytics_me_total_km" time="0.377" /><testcase classname="backend.tests.test_iter7.TestServicesCRUD" name="test_create_service" time="0.385" /><testcase classname="backend.tests.test_iter7.TestServicesCRUD" name="test_get_service_by_slug" time="0.166" /><testcase classname="backend.tests.test_iter7.TestServicesCRUD" name="test_create_requires_auth" time="0.054" /><testcase classname="backend.tests.test_iter7.TestServicesCRUD" name="test_list_services_basic" time="0.160" /><testcase classname="backend.tests.test_iter7.TestServicesCRUD" name="test_list_services_q_filter" time="0.158" /><testcase classname="backend.tests.test_iter7.TestServicesCRUD" name="test_list_services_brand_filter" time="0.163" /><testcase classname="backend.tests.test_iter7.TestServicesCRUD" name="test_list_services_city_filter" time="0.159" /><testcase classname="backend.tests.test_iter7.TestServicesCRUD" name="test_list_services_haversine" time="0.180" /><testcase classname="backend.tests.test_iter7.TestServicesCRUD" name="test_update_service" time="0.491" /><testcase classname="backend.tests.test_iter7.TestServicesCRUD" name="test_update_service_forbidden_for_other" time="0.273" /><testcase classname="backend.tests.test_iter7.TestServicesCRUD" name="test_delete_service_cleanup" time="0.670" /><testcase classname="backend.tests.test_iter7.TestEventsCRUD" name="test_create_event" time="0.416" /><testcase classname="backend.tests.test_iter7.TestEventsCRUD" name="test_get_event" time="0.276" /><testcase classname="backend.tests.test_iter7.TestEventsCRUD" name="test_list_events_upcoming" time="0.159" /><testcase classname="backend.tests.test_iter7.TestEventsCRUD" name="test_join_event" time="0.778" /><testcase classname="backend.tests.test_iter7.TestEventsCRUD" name="test_join_enforces_max" time="1.373" /><testcase classname="backend.tests.test_iter7.TestEventsCRUD" name="test_leave_event" time="0.769" /><testcase classname="backend.tests.test_iter7.TestEventsCRUD" name="test_delete_event" time="0.644" /><testcase classname="backend.tests.test_iter7.TestGlobalSearch" name="test_unauthenticated_search" time="2.136" /><testcase classname="backend.tests.test_iter7.TestGlobalSearch" name="test_search_with_query" time="0.735" /><testcase classname="backend.tests.test_iter7.TestGlobalSearch" name="test_search_category_filter" time="0.160" /><testcase classname="backend.tests.test_iter7.TestGlobalSearch" name="test_search_geo" time="0.911" /><testcase classname="backend.tests.test_iter7.TestAdminRegression" name="test_admin_login" time="0.602" /><testcase classname="backend.tests.test_iter7.TestAdminRegression" name="test_test_email_returns_json" time="0.940" /></testsuite></testsuites>