<?xml version="1.0" encoding="utf-8"?><testsuites name="pytest tests"><testsuite name="pytest" errors="0" failures="1" skipped="0" tests="9" time="1.096" timestamp="2026-07-05T12:03:46.746029+00:00" hostname="agent-env-664209d9-6e3c-4ef6-8f37-0a095b3360d3"><testcase classname="backend.tests.test_iter42" name="test_bug1a_per_photo_cap" time="0.432" /><testcase classname="backend.tests.test_iter42" name="test_bug1b_count_cap" time="0.047" /><testcase classname="backend.tests.test_iter42" name="test_bug1d_marketplace_guard" time="0.163"><failure message="AssertionError: expected 413 got 400: {&quot;detail&quot;:&quot;Invalid type. Allowed: ['car', 'full_parts', 'parts', 'project', 'rental', 'service', 'swap']&quot;}&#10;assert 400 == 413&#10; +  where 400 = &lt;Response [400]&gt;.status_code">backend/tests/test_iter42.py:77: in test_bug1d_marketplace_guard
    assert r.status_code == 413, f"expected 413 got {r.status_code}: {r.text[:500]}"
E   AssertionError: expected 413 got 400: {"detail":"Invalid type. Allowed: ['car', 'full_parts', 'parts', 'project', 'rental', 'service', 'swap']"}
E   assert 400 == 413
E    +  where 400 = &lt;Response [400]&gt;.status_code</failure></testcase><testcase classname="backend.tests.test_iter42" name="test_bug1e_global_handler_exists" time="0.000" /><testcase classname="backend.tests.test_iter42" name="test_bug1f_small_photo_persists" time="0.092" /><testcase classname="backend.tests.test_iter42" name="test_bug1g_r2_multipart_unaffected" time="0.145" /><testcase classname="backend.tests.test_iter42" name="test_regression_cache_control_on_vehicles" time="0.044" /><testcase classname="backend.tests.test_iter42" name="test_regression_open_to_offers_public" time="0.100" /><testcase classname="backend.tests.test_iter42" name="test_bug2_api_js_has_retried_guard" time="0.000" /></testsuite></testsuites>