<?xml version="1.0" encoding="utf-8"?><testsuites name="pytest tests"><testsuite name="pytest" errors="0" failures="0" skipped="1" tests="14" time="5.126" timestamp="2026-07-11T22:42:04.108879+00:00" hostname="agent-env-664209d9-6e3c-4ef6-8f37-0a095b3360d3"><testcase classname="backend.tests.test_iter47_referral.TestReferralRegistration" name="test_register_returns_referral_code" time="0.664" /><testcase classname="backend.tests.test_iter47_referral.TestReferralRegistration" name="test_my_code_and_url" time="0.526" /><testcase classname="backend.tests.test_iter47_referral.TestReferralRegistration" name="test_track_click_silent_on_invalid_code" time="0.154" /><testcase classname="backend.tests.test_iter47_referral.TestReferralRegistration" name="test_track_click_valid" time="1.701" /><testcase classname="backend.tests.test_iter47_referral.TestQualificationHook" name="test_inviter_stats_reflect_qualified" time="0.170" /><testcase classname="backend.tests.test_iter47_referral.TestQualificationHook" name="test_invitee_became_founding_member" time="0.100" /><testcase classname="backend.tests.test_iter47_referral.TestQualificationHook" name="test_second_vehicle_does_not_reaward" time="0.410" /><testcase classname="backend.tests.test_iter47_referral.TestPublicFoundingCounter" name="test_founding_count_no_auth" time="0.101" /><testcase classname="backend.tests.test_iter47_referral.TestAdminEndpoints" name="test_admin_founding_members" time="0.447" /><testcase classname="backend.tests.test_iter47_referral.TestAdminEndpoints" name="test_admin_referrals" time="0.110" /><testcase classname="backend.tests.test_iter47_referral.TestAdminEndpoints" name="test_admin_referrals_qualified_filter" time="0.118" /><testcase classname="backend.tests.test_iter47_referral.TestAdminEndpoints" name="test_admin_referrals_pending_filter" time="0.126" /><testcase classname="backend.tests.test_iter47_referral.TestAdminEndpoints" name="test_admin_dashboard_stats" time="0.306" /><testcase classname="backend.tests.test_iter47_referral.TestPublicUserCard" name="test_public_user_card_has_founding_fields" time="0.102"><skipped type="pytest.skip" message="vehicle-hub-301 not present: 404">/app/backend/tests/test_iter47_referral.py:245: vehicle-hub-301 not present: 404</skipped></testcase></testsuite></testsuites>