<?xml version="1.0" encoding="utf-8"?><testsuites name="pytest tests"><testsuite name="pytest" errors="0" failures="1" skipped="0" tests="9" time="2.139" timestamp="2026-06-06T21:00:37.398582+00:00" hostname="agent-env-664209d9-6e3c-4ef6-8f37-0a095b3360d3"><testcase classname="backend.tests.test_iter9_phase_b.TestUnitsPersistence" name="test_put_units_mile_eur" time="0.860" /><testcase classname="backend.tests.test_iter9_phase_b.TestUnitsPersistence" name="test_put_units_restore_default" time="0.212" /><testcase classname="backend.tests.test_iter9_phase_b.TestShortIdLookup" name="test_short_id_returns_slug" time="0.117" /><testcase classname="backend.tests.test_iter9_phase_b.TestShortIdLookup" name="test_short_id_unknown_404" time="0.106" /><testcase classname="backend.tests.test_iter9_phase_b.TestQRImage" name="test_qr_returns_png" time="0.130"><failure message="AssertionError: assert ('public' in 'no-store, no-cache, must-revalidate')">backend/tests/test_iter9_phase_b.py:81: in test_qr_returns_png
    assert "public" in cc and "max-age=86400" in cc
E   AssertionError: assert ('public' in 'no-store, no-cache, must-revalidate')</failure></testcase><testcase classname="backend.tests.test_iter9_phase_b.TestQRImage" name="test_qr_unknown_vehicle_404" time="0.107" /><testcase classname="backend.tests.test_iter9_phase_b.TestOGHTML" name="test_og_returns_html_with_meta" time="0.130" /><testcase classname="backend.tests.test_iter9_phase_b.TestMarketplacePagination" name="test_listings_page_1" time="0.124" /><testcase classname="backend.tests.test_iter9_phase_b.TestMarketplacePagination" name="test_listings_page_2_no_overlap" time="0.259" /></testsuite></testsuites>