<?xml version="1.0" encoding="utf-8"?><testsuites name="pytest tests"><testsuite name="pytest" errors="0" failures="0" skipped="0" tests="8" time="2.405" timestamp="2026-07-04T17:30:04.761328+00:00" hostname="agent-env-664209d9-6e3c-4ef6-8f37-0a095b3360d3"><testcase classname="backend.tests.test_iter37" name="test_create_listing_empty_optional_strings" time="0.376" /><testcase classname="backend.tests.test_iter37" name="test_robots_txt_has_api_sitemap" time="0.108" /><testcase classname="backend.tests.test_iter37" name="test_create_service_listing" time="0.236" /><testcase classname="backend.tests.test_iter37" name="test_qr_default_public" time="0.242" /><testcase classname="backend.tests.test_iter37" name="test_qr_print_no_auth_403" time="0.229" /><testcase classname="backend.tests.test_iter37" name="test_qr_print_wrong_user_403" time="0.331" /><testcase classname="backend.tests.test_iter37" name="test_qr_print_success[dark]" time="0.431" /><testcase classname="backend.tests.test_iter37" name="test_qr_print_success[light]" time="0.287" /></testsuite></testsuites>