<?xml version="1.0" encoding="utf-8"?><testsuites name="pytest tests"><testsuite name="pytest" errors="0" failures="0" skipped="0" tests="4" time="11.453" timestamp="2026-05-03T23:04:30.340226+00:00" hostname="agent-env-664209d9-6e3c-4ef6-8f37-0a095b3360d3"><testcase classname="tests.test_iter6.TestMarketplaceMessages" name="test_send_message" time="9.837" /><testcase classname="tests.test_iter6.TestMarketplaceMessages" name="test_threads_aggregate_with_unread" time="0.485" /><testcase classname="tests.test_iter6.TestMarketplaceMessages" name="test_message_history_marks_read" time="0.886" /><testcase classname="tests.test_iter6.TestMarketplaceMessages" name="test_cannot_message_self" time="0.155" /></testsuite></testsuites>