<?xml version="1.0" encoding="utf-8"?><testsuites name="pytest tests"><testsuite name="pytest" errors="0" failures="0" skipped="0" tests="10" time="1.867" timestamp="2026-06-13T17:29:29.076128+00:00" hostname="agent-env-664209d9-6e3c-4ef6-8f37-0a095b3360d3"><testcase classname="backend.tests.test_iter11_rental_rebrand.TestRebrand" name="test_rss_feed_says_sharago" time="0.271" /><testcase classname="backend.tests.test_iter11_rental_rebrand.TestRebrand" name="test_robots_sharago" time="0.115" /><testcase classname="backend.tests.test_iter11_rental_rebrand.TestRebrand" name="test_sitemap_sharago" time="0.118" /><testcase classname="backend.tests.test_iter11_rental_rebrand.TestRentalListings" name="test_existing_rental_listing_present" time="0.434" /><testcase classname="backend.tests.test_iter11_rental_rebrand.TestRentalListings" name="test_filter_rental_garage" time="0.105" /><testcase classname="backend.tests.test_iter11_rental_rebrand.TestRentalListings" name="test_filter_rental_shorthand" time="0.108" /><testcase classname="backend.tests.test_iter11_rental_rebrand.TestRentalListings" name="test_invalid_category_rejected" time="0.104" /><testcase classname="backend.tests.test_iter11_rental_rebrand.TestRentalListings" name="test_create_rental_car_hits_402_when_at_cap" time="0.102" /><testcase classname="backend.tests.test_iter11_rental_rebrand.TestRentalListings" name="test_business_owner_bypasses_free_limit" time="0.209" /><testcase classname="backend.tests.test_iter11_rental_rebrand.TestRentalListings" name="test_listings_no_category_filter_returns_classic_and_rental" time="0.220" /></testsuite></testsuites>