<?xml version="1.0" encoding="utf-8"?><testsuites name="pytest tests"><testsuite name="pytest" errors="0" failures="0" skipped="0" tests="12" time="2.949" timestamp="2026-04-25T22:40:45.150125+00:00" hostname="agent-env-664209d9-6e3c-4ef6-8f37-0a095b3360d3"><testcase classname="backend.tests.test_iter3.TestAdminAutoSeed" name="test_setup_status_seeded" time="0.169" /><testcase classname="backend.tests.test_iter3.TestAdminAutoSeed" name="test_admin_login_returns_first_login_flag" time="0.274" /><testcase classname="backend.tests.test_iter3.TestAdminAutoSeed" name="test_admin_login_invalid_password" time="0.271" /><testcase classname="backend.tests.test_iter3.TestMarketplaceFilters" name="test_listings_paginated_shape" time="0.144" /><testcase classname="backend.tests.test_iter3.TestMarketplaceFilters" name="test_listing_with_make_model_and_filter" time="0.415" /><testcase classname="backend.tests.test_iter3.TestMarketplaceFilters" name="test_price_range_filter" time="0.158" /><testcase classname="backend.tests.test_iter3.TestForumVehicleAndTags" name="test_create_thread_with_manual_label_and_tags" time="0.091" /><testcase classname="backend.tests.test_iter3.TestForumVehicleAndTags" name="test_create_thread_with_vehicle_id_derives_label" time="0.103" /><testcase classname="backend.tests.test_iter3.TestMarketplaceMessages" name="test_self_message_blocked" time="0.099" /><testcase classname="backend.tests.test_iter3.TestMarketplaceMessages" name="test_send_and_threads_and_get_messages_marks_read" time="0.509" /><testcase classname="backend.tests.test_iter3.TestLegalPages" name="test_all_slugs_return_2025_01_26" time="0.223" /><testcase classname="backend.tests.test_iter3.TestLegalPages" name="test_admin_can_update_last_updated" time="0.403" /></testsuite></testsuites>