<?xml version="1.0" encoding="utf-8"?><testsuites name="pytest tests"><testsuite name="pytest" errors="0" failures="1" skipped="0" tests="10" time="96.708" timestamp="2026-07-11T23:36:02.876851+00:00" hostname="agent-env-664209d9-6e3c-4ef6-8f37-0a095b3360d3"><testcase classname="backend.tests.test_iter48_security.TestSecurityHeaders" name="test_headers_present_on_origin" time="0.004" /><testcase classname="backend.tests.test_iter48_security.TestRateLimit" name="test_login_5_per_minute" time="2.140" /><testcase classname="backend.tests.test_iter48_security.TestGDPRExport" name="test_export_returns_attachment_and_no_secrets" time="25.580" /><testcase classname="backend.tests.test_iter48_security.TestGDPRDelete" name="test_soft_delete_flow" time="66.431"><failure message="AssertionError: expected 410 after delete, got 401 {&quot;detail&quot;:&quot;Invalid email or password&quot;}&#10;assert 401 == 410&#10; +  where 401 = &lt;Response [401]&gt;.status_code">E   AssertionError: expected 410 after delete, got 401 {"detail":"Invalid email or password"}
    assert 401 == 410
     +  where 401 = &lt;Response [401]&gt;.status_code</failure></testcase><testcase classname="backend.tests.test_iter48_security.TestAdminSecurity" name="test_stats" time="0.449" /><testcase classname="backend.tests.test_iter48_security.TestAdminSecurity" name="test_logs" time="0.108" /><testcase classname="backend.tests.test_iter48_security.TestAdminSecurity" name="test_block_unblock_ip" time="0.348" /><testcase classname="backend.tests.test_iter48_security.TestAdminSecurity" name="test_admin_health" time="0.120" /><testcase classname="backend.tests.test_iter48_security.TestAdminSecurity" name="test_admin_endpoints_require_auth" time="0.114" /><testcase classname="backend.tests.test_iter48_security.TestPIIMasking" name="test_listing_masks_contact_for_non_owner" time="1.348" /></testsuite></testsuites>