<?xml version="1.0" encoding="utf-8"?><testsuites name="pytest tests"><testsuite name="pytest" errors="0" failures="0" skipped="0" tests="6" time="3.756" timestamp="2026-07-19T00:25:42.402287+00:00" hostname="agent-env-664209d9-6e3c-4ef6-8f37-0a095b3360d3"><testcase classname="tests.test_iter51" name="test_email_templates_pl_and_en" time="0.052" /><testcase classname="tests.test_iter51" name="test_timeline_no_fuel_no_mileage" time="1.637" /><testcase classname="tests.test_iter51" name="test_public_by_slug_hides_financial_fields" time="0.750" /><testcase classname="tests.test_iter51" name="test_timeline_share_lifecycle" time="0.659" /><testcase classname="tests.test_iter51" name="test_marketplace_listing_edit_put" time="0.577" /><testcase classname="tests.test_iter51" name="test_i18n_zamiana_rename" time="0.001" /></testsuite></testsuites>