<?xml version="1.0" encoding="utf-8"?><testsuites name="pytest tests"><testsuite name="pytest" errors="0" failures="0" skipped="0" tests="4" time="2.814" timestamp="2026-07-19T19:49:55.326222+00:00" hostname="agent-env-664209d9-6e3c-4ef6-8f37-0a095b3360d3"><testcase classname="backend.tests.test_iter52a.TestRentalCarNewFields" name="test_create_rental_car_persists_all_fields" time="1.023" /><testcase classname="backend.tests.test_iter52a.TestRentalCarNewFields" name="test_create_rental_garage_persists_all_fields" time="0.426" /><testcase classname="backend.tests.test_iter52a.TestTimelineDescSorting" name="test_timeline_events_sorted_descending" time="0.780" /><testcase classname="backend.tests.test_iter52a.TestTimelineShareRegression" name="test_share_full_cycle" time="0.508" /></testsuite></testsuites>