<?xml version="1.0" encoding="utf-8"?><testsuites name="pytest tests"><testsuite name="pytest" errors="0" failures="2" skipped="0" tests="39" time="19.991" timestamp="2026-04-25T20:22:30.645459+00:00" hostname="agent-env-664209d9-6e3c-4ef6-8f37-0a095b3360d3"><testcase classname="backend.tests.backend_test" name="test_health" time="1.765" /><testcase classname="backend.tests.backend_test" name="test_register_requires_tos" time="0.054"><failure message="assert 422 == 400&#10; +  where 422 = &lt;Response [422]&gt;.status_code">backend/tests/backend_test.py:73: in test_register_requires_tos
    assert r.status_code == 400
E   assert 422 == 400
E    +  where 422 = &lt;Response [422]&gt;.status_code</failure></testcase><testcase classname="backend.tests.backend_test" name="test_register_duplicate" time="0.318" /><testcase classname="backend.tests.backend_test" name="test_login" time="0.270" /><testcase classname="backend.tests.backend_test" name="test_login_bad_password" time="0.268" /><testcase classname="backend.tests.backend_test" name="test_me" time="0.047" /><testcase classname="backend.tests.backend_test" name="test_me_no_token" time="0.043" /><testcase classname="backend.tests.backend_test" name="test_vehicle_list" time="0.089" /><testcase classname="backend.tests.backend_test" name="test_vehicle_get" time="0.048" /><testcase classname="backend.tests.backend_test" name="test_vehicle_pl" time="0.048" /><testcase classname="backend.tests.backend_test" name="test_vehicle_update" time="0.053"><failure message="assert 422 == 200&#10; +  where 422 = &lt;Response [422]&gt;.status_code">backend/tests/backend_test.py:146: in test_vehicle_update
    assert r.status_code == 200
E   assert 422 == 200
E    +  where 422 = &lt;Response [422]&gt;.status_code</failure></testcase><testcase classname="backend.tests.backend_test" name="test_service_create_and_stats" time="0.153" /><testcase classname="backend.tests.backend_test" name="test_mileage_create_calculates_km" time="0.148" /><testcase classname="backend.tests.backend_test" name="test_reminders_crud" time="0.164" /><testcase classname="backend.tests.backend_test" name="test_marketplace_list_and_filters" time="0.179" /><testcase classname="backend.tests.backend_test" name="test_marketplace_get" time="0.045" /><testcase classname="backend.tests.backend_test" name="test_marketplace_self_message_blocked" time="0.090" /><testcase classname="backend.tests.backend_test" name="test_marketplace_message_other" time="0.524" /><testcase classname="backend.tests.backend_test" name="test_forum_categories" time="0.046" /><testcase classname="backend.tests.backend_test" name="test_forum_thread_invalid_category" time="0.048" /><testcase classname="backend.tests.backend_test" name="test_forum_threads_list_and_get" time="0.160" /><testcase classname="backend.tests.backend_test" name="test_forum_comment_and_like" time="0.120" /><testcase classname="backend.tests.backend_test" name="test_ai_ask" time="13.046" /><testcase classname="backend.tests.backend_test" name="test_legal_list_and_pages" time="0.310" /><testcase classname="backend.tests.backend_test" name="test_cms_public_settings" time="0.047" /><testcase classname="backend.tests.backend_test" name="test_admin_setup_status" time="0.047" /><testcase classname="backend.tests.backend_test" name="test_admin_dashboard" time="0.693" /><testcase classname="backend.tests.backend_test" name="test_admin_users_vehicles_listings" time="0.211" /><testcase classname="backend.tests.backend_test" name="test_admin_settings_get_put" time="0.091" /><testcase classname="backend.tests.backend_test" name="test_admin_api_keys_masked" time="0.045" /><testcase classname="backend.tests.backend_test" name="test_admin_user_token_cannot_access_admin" time="0.045" /><testcase classname="backend.tests.backend_test" name="test_admin_token_cannot_access_user_endpoints" time="0.042" /><testcase classname="backend.tests.backend_test" name="test_admin_legal_update" time="0.043" /><testcase classname="backend.tests.backend_test" name="test_notifications_list" time="0.046" /><testcase classname="backend.tests.backend_test" name="test_cookie_consent_no_auth" time="0.070" /><testcase classname="backend.tests.backend_test" name="test_global_search" time="0.047" /><testcase classname="backend.tests.backend_test" name="test_track_visit" time="0.044" /><testcase classname="backend.tests.backend_test" name="test_analytics_me" time="0.046" /><testcase classname="backend.tests.backend_test" name="test_zz_vehicle_delete" time="0.090" /></testsuite></testsuites>